============================================================
  Generated by:           Genus(TM) Synthesis Solution 21.14-s082_1
  Generated on:           Apr 18 2026  02:56:59 pm
  Module:                 top
  Operating conditions:   slow (balanced_tree)
  Wireload mode:          enclosed
  Area mode:              timing library
============================================================


Path 1: MET (34 ps) Setup Check with Pin sell_buf_reg[1][64]/CK->D
          Group: clk
     Startpoint: (R) sell_ptr_reg[2]/CK
          Clock: (R) clk
       Endpoint: (F) sell_buf_reg[1][64]/D
          Clock: (R) clk

                     Capture       Launch     
        Clock Edge:+   10000            0     
       Src Latency:+       0            0     
       Net Latency:+       0 (I)        0 (I) 
           Arrival:=   10000            0     
                                              
             Setup:-     137                  
     Required Time:=    9863                  
      Launch Clock:-       0                  
         Data Path:-    9830                  
             Slack:=      34                  

#------------------------------------------------------------------------------------------------
#     Timing Point      Flags    Arc   Edge   Cell     Fanout  Load Trans Delay Arrival Instance 
#                                                              (fF)  (ps)  (ps)   (ps)  Location 
#------------------------------------------------------------------------------------------------
  sell_ptr_reg[2]/CK    -       -      R     (arrival)   3980     -     0     0       0    (-,-) 
  sell_ptr_reg[2]/Q     -       CK->Q  F     DFFQX1        12  28.2   211   433     433    (-,-) 
  g251827/Y             -       A->Y   R     CLKINVX1      31  73.9   613   496     929    (-,-) 
  g251825/Y             -       A->Y   F     CLKINVX2     130 240.8   832   751    1680    (-,-) 
  g250589/Y             -       B1->Y  R     AOI22X1        1   1.7   222   185    1865    (-,-) 
  g249538__7410/Y       -       A->Y   F     MXI4X1         5  11.4   152   346    2210    (-,-) 
  sub_268_57_g972/Y     -       B->Y   R     NOR2XL         4   8.9   284   246    2456    (-,-) 
  sub_268_57_g931/Y     -       A1->Y  F     OAI22X1        3   7.2   196   170    2626    (-,-) 
  sub_268_57_g928/Y     -       A1->Y  R     AOI21X1        2   4.6   115   137    2764    (-,-) 
  sub_268_57_g925/Y     -       A1->Y  F     OAI22X1        2   4.3   159   113    2876    (-,-) 
  sub_268_57_g924/Y     -       A->Y   R     INVX1          2   4.5    76    84    2960    (-,-) 
  sub_268_57_g922/Y     -       A1->Y  F     OAI22X1        3   6.1   178   121    3082    (-,-) 
  sub_268_57_g919/Y     -       A1N->Y F     OAI2BB1X1      2   4.3    88   173    3255    (-,-) 
  sub_268_57_g918/Y     -       A->Y   R     CLKINVX1       2   4.4    56    66    3321    (-,-) 
  sub_268_57_g916/Y     -       A1->Y  F     OAI21X1        3   6.1   120   100    3421    (-,-) 
  sub_268_57_g913/Y     -       A1N->Y F     OAI2BB1X1      2   4.4    88   159    3580    (-,-) 
  sub_268_57_g912/Y     -       A->Y   R     CLKINVX1       2   4.3    55    65    3645    (-,-) 
  sub_268_57_g910/Y     -       A1->Y  F     OAI21X1        3   6.1   120   100    3745    (-,-) 
  sub_268_57_g907/Y     -       A1N->Y F     OAI2BB1X1      3   6.1   109   174    3919    (-,-) 
  sub_268_57_g904/Y     -       A1N->Y F     OAI2BB1X1      3   7.1   122   180    4099    (-,-) 
  sub_268_57_g903/Y     -       B0->Y  R     OAI2BB1X1      1   2.8    67    70    4169    (-,-) 
  sub_268_57_g900/Y     -       B0->Y  F     OAI21X1        1   4.9   142    95    4264    (-,-) 
  sub_268_57_g899/CO    -       CI->CO F     ADDFX1         1   4.9    96   263    4527    (-,-) 
  sub_268_57_g898/CO    -       CI->CO F     ADDFX1         1   4.9    96   250    4777    (-,-) 
  sub_268_57_g897/CO    -       CI->CO F     ADDFX1         1   4.9    96   250    5027    (-,-) 
  sub_268_57_g896/CO    -       CI->CO F     ADDFX1         1   4.9    96   250    5277    (-,-) 
  sub_268_57_g895/CO    -       CI->CO F     ADDFX1         1   4.9    96   250    5527    (-,-) 
  sub_268_57_g894/CO    -       CI->CO F     ADDFX1         1   4.9    96   250    5777    (-,-) 
  sub_268_57_g893/CO    -       CI->CO F     ADDFX1         1   4.9    96   250    6027    (-,-) 
  sub_268_57_g892/CO    -       CI->CO F     ADDFX1         1   4.9    96   250    6277    (-,-) 
  sub_268_57_g891/CO    -       CI->CO F     ADDFX1         1   4.9    96   250    6526    (-,-) 
  sub_268_57_g890/CO    -       CI->CO F     ADDFX1         1   4.9    96   250    6776    (-,-) 
  sub_268_57_g889/CO    -       CI->CO F     ADDFX1         1   4.9    96   250    7026    (-,-) 
  sub_268_57_g888/CO    -       CI->CO F     ADDFX1         1   4.9    96   250    7276    (-,-) 
  sub_268_57_g887/CO    -       CI->CO F     ADDFX1         1   4.9    96   250    7526    (-,-) 
  sub_268_57_g886/CO    -       CI->CO F     ADDFX1         1   4.9    96   250    7776    (-,-) 
  sub_268_57_g885/CO    -       CI->CO F     ADDFX1         1   4.9    96   250    8026    (-,-) 
  sub_268_57_g884/CO    -       CI->CO F     ADDFX1         1   4.9    96   250    8276    (-,-) 
  sub_268_57_g883/CO    -       CI->CO F     ADDFX1         1   4.9    96   250    8526    (-,-) 
  sub_268_57_g882/CO    -       CI->CO F     ADDFX1         1   4.9    96   250    8776    (-,-) 
  sub_268_57_g881/CO    -       CI->CO F     ADDFXL         2   4.4   110   246    9022    (-,-) 
  sub_268_57_g880/Y     -       B->Y   R     NAND2XL        1   2.8    79    81    9103    (-,-) 
  sub_268_57_g879/Y     -       B0->Y  F     OAI21X1        1   1.7    69    70    9172    (-,-) 
  g378938/Y             -       B->Y   R     NAND2XL        2   3.4   271    75    9248    (-,-) 
  g378051/Y             -       B->Y   R     AND2X1         7  11.9   129   240    9488    (-,-) 
  g377598/Y             -       C0->Y  F     OAI221XL       1   1.6   264   145    9633    (-,-) 
  g370009/Y             -       B->Y   R     MXI2XL         1   1.7   238   141    9773    (-,-) 
  g367367/Y             -       B->Y   F     NOR2XL         1   1.6    84    56    9830    (-,-) 
  sell_buf_reg[1][64]/D <<<     -      F     DFFQX1         1     -     -     0    9830    (-,-) 
#------------------------------------------------------------------------------------------------

